<?xml version="1.0" encoding="UTF-8"?>
<!-- Generated by org.testng.reporters.JUnitReportReporter -->
<testsuite hostname="TRS11L128" failures="0" tests="1" name="runner.Runner" time="183.083" errors="0" timestamp="2024-08-12T17:49:35 IST" skipped="0">
  <testcase classname="runner.Runner" name="runScenario" time="183.083"/>
  <system-out/>
</testsuite> <!-- runner.Runner -->
